0 info it worked if it ends with ok
1 verbose cli [ 'C:\\Program Files\\nodejs\\node.exe',
1 verbose cli   'C:\\Users\\Mary\\AppData\\Roaming\\npm\\node_modules\\npm\\bin\\npm-cli.js',
1 verbose cli   'i',
1 verbose cli   'node' ]
2 info using npm@3.10.10
3 info using node@v10.16.0
4 silly loadCurrentTree Starting
5 silly install loadCurrentTree
6 silly install readLocalPackageData
7 silly fetchPackageMetaData node
8 silly fetchNamedPackageData node
9 silly mapToRegistry name node
10 silly mapToRegistry using default registry
11 silly mapToRegistry registry https://registry.npmjs.org/
12 silly mapToRegistry data Result {
12 silly mapToRegistry   raw: 'node',
12 silly mapToRegistry   scope: null,
12 silly mapToRegistry   escapedName: 'node',
12 silly mapToRegistry   name: 'node',
12 silly mapToRegistry   rawSpec: '',
12 silly mapToRegistry   spec: 'latest',
12 silly mapToRegistry   type: 'tag' }
13 silly mapToRegistry uri https://registry.npmjs.org/node
14 verbose request uri https://registry.npmjs.org/node
15 verbose request no auth needed
16 info attempt registry request try #1 at 3:52:53 PM
17 verbose request id f62966c453d7b538
18 verbose etag W/"7f44a558ab246f825c40cbc5a5952657"
19 verbose lastModified Wed, 03 Jun 2020 05:17:22 GMT
20 http request GET https://registry.npmjs.org/node
21 http 200 https://registry.npmjs.org/node
22 verbose headers { date: 'Tue, 22 Sep 2020 22:52:53 GMT',
22 verbose headers   'content-type': 'application/json',
22 verbose headers   'transfer-encoding': 'chunked',
22 verbose headers   connection: 'keep-alive',
22 verbose headers   'set-cookie':
22 verbose headers    [ '__cfduid=dbb3d2e07200fe938139ece3afe9d44261600815173; expires=Thu, 22-Oct-20 22:52:53 GMT; path=/; domain=.npmjs.org; HttpOnly; SameSite=Lax' ],
22 verbose headers   'cf-ray': '5d6f99518b2b1b00-PHX',
22 verbose headers   'cache-control': 'public, max-age=300',
22 verbose headers   etag: 'W/"f130170af2fa58a80ce3357fe69001e5"',
22 verbose headers   'last-modified': 'Wed, 16 Sep 2020 03:02:48 GMT',
22 verbose headers   vary: 'accept-encoding, accept',
22 verbose headers   'cf-cache-status': 'HIT',
22 verbose headers   'cf-request-id': '05599e26f700001b0024049200000001',
22 verbose headers   'expect-ct':
22 verbose headers    'max-age=604800, report-uri="https://report-uri.cloudflare.com/cdn-cgi/beacon/expect-ct"',
22 verbose headers   server: 'cloudflare',
22 verbose headers   'content-encoding': 'gzip' }
23 silly get cb [ 200,
23 silly get   { date: 'Tue, 22 Sep 2020 22:52:53 GMT',
23 silly get     'content-type': 'application/json',
23 silly get     'transfer-encoding': 'chunked',
23 silly get     connection: 'keep-alive',
23 silly get     'set-cookie':
23 silly get      [ '__cfduid=dbb3d2e07200fe938139ece3afe9d44261600815173; expires=Thu, 22-Oct-20 22:52:53 GMT; path=/; domain=.npmjs.org; HttpOnly; SameSite=Lax' ],
23 silly get     'cf-ray': '5d6f99518b2b1b00-PHX',
23 silly get     'cache-control': 'public, max-age=300',
23 silly get     etag: 'W/"f130170af2fa58a80ce3357fe69001e5"',
23 silly get     'last-modified': 'Wed, 16 Sep 2020 03:02:48 GMT',
23 silly get     vary: 'accept-encoding, accept',
23 silly get     'cf-cache-status': 'HIT',
23 silly get     'cf-request-id': '05599e26f700001b0024049200000001',
23 silly get     'expect-ct':
23 silly get      'max-age=604800, report-uri="https://report-uri.cloudflare.com/cdn-cgi/beacon/expect-ct"',
23 silly get     server: 'cloudflare',
23 silly get     'content-encoding': 'gzip' } ]
24 verbose get saving node to C:\Users\Mary\AppData\Roaming\npm-cache\registry.npmjs.org\node\.cache.json
25 verbose correctMkdir C:\Users\Mary\AppData\Roaming\npm-cache correctMkdir not in flight; initializing
26 silly install normalizeTree
27 silly loadCurrentTree Finishing
28 silly loadIdealTree Starting
29 silly install loadIdealTree
30 silly cloneCurrentTree Starting
31 silly install cloneCurrentTreeToIdealTree
32 silly cloneCurrentTree Finishing
33 silly loadShrinkwrap Starting
34 silly install loadShrinkwrap
35 silly loadShrinkwrap Finishing
36 silly loadAllDepsIntoIdealTree Starting
37 silly install loadAllDepsIntoIdealTree
38 silly resolveWithNewModule node@14.11.0 checking installable status
39 silly cache add args [ 'node', null ]
40 verbose cache add spec node
41 silly cache add parsed spec Result {
41 silly cache add   raw: 'node',
41 silly cache add   scope: null,
41 silly cache add   escapedName: 'node',
41 silly cache add   name: 'node',
41 silly cache add   rawSpec: '',
41 silly cache add   spec: 'latest',
41 silly cache add   type: 'tag' }
42 silly addNamed node@latest
43 verbose addNamed "latest" is being treated as a dist-tag for node
44 info addNameTag [ 'node', 'latest' ]
45 silly mapToRegistry name node
46 silly mapToRegistry using default registry
47 silly mapToRegistry registry https://registry.npmjs.org/
48 silly mapToRegistry data Result {
48 silly mapToRegistry   raw: 'node',
48 silly mapToRegistry   scope: null,
48 silly mapToRegistry   escapedName: 'node',
48 silly mapToRegistry   name: 'node',
48 silly mapToRegistry   rawSpec: '',
48 silly mapToRegistry   spec: 'latest',
48 silly mapToRegistry   type: 'tag' }
49 silly mapToRegistry uri https://registry.npmjs.org/node
50 verbose addNameTag registry:https://registry.npmjs.org/node not in flight; fetching
51 verbose get https://registry.npmjs.org/node not expired, no request
52 silly addNameTag next cb for node with tag latest
53 silly addNamed node@14.11.0
54 verbose addNamed "14.11.0" is a plain semver version for node
55 silly mapToRegistry name node
56 silly mapToRegistry using default registry
57 silly mapToRegistry registry https://registry.npmjs.org/
58 silly mapToRegistry data Result {
58 silly mapToRegistry   raw: 'node',
58 silly mapToRegistry   scope: null,
58 silly mapToRegistry   escapedName: 'node',
58 silly mapToRegistry   name: 'node',
58 silly mapToRegistry   rawSpec: '',
58 silly mapToRegistry   spec: 'latest',
58 silly mapToRegistry   type: 'tag' }
59 silly mapToRegistry uri https://registry.npmjs.org/node
60 verbose addRemoteTarball https://registry.npmjs.org/node/-/node-14.11.0.tgz not in flight; adding
61 verbose addRemoteTarball [ 'https://registry.npmjs.org/node/-/node-14.11.0.tgz',
61 verbose addRemoteTarball   '0a7c6206fa8ce655a7d8251fd6ef07d7c58ffc82' ]
62 info retry fetch attempt 1 at 3:52:53 PM
63 info attempt registry request try #1 at 3:52:53 PM
64 http fetch GET https://registry.npmjs.org/node/-/node-14.11.0.tgz
65 http fetch 200 https://registry.npmjs.org/node/-/node-14.11.0.tgz
66 silly fetchAndShaCheck shasum 0a7c6206fa8ce655a7d8251fd6ef07d7c58ffc82
67 verbose addTmpTarball C:\Users\Mary\AppData\Local\Temp\npm-20608-e6b4b923\registry.npmjs.org\node\-\node-14.11.0.tgz not in flight; adding
68 verbose addTmpTarball already have metadata; skipping unpack for node@14.11.0
69 verbose correctMkdir C:\Users\Mary\AppData\Roaming\npm-cache correctMkdir not in flight; initializing
70 silly cache afterAdd node@14.11.0
71 verbose afterAdd C:\Users\Mary\AppData\Roaming\npm-cache\node\14.11.0\package\package.json not in flight; writing
72 verbose correctMkdir C:\Users\Mary\AppData\Roaming\npm-cache correctMkdir not in flight; initializing
73 verbose afterAdd C:\Users\Mary\AppData\Roaming\npm-cache\node\14.11.0\package\package.json written
74 silly fetchNamedPackageData node-bin-setup
75 silly mapToRegistry name node-bin-setup
76 silly mapToRegistry using default registry
77 silly mapToRegistry registry https://registry.npmjs.org/
78 silly mapToRegistry data Result {
78 silly mapToRegistry   raw: 'node-bin-setup',
78 silly mapToRegistry   scope: null,
78 silly mapToRegistry   escapedName: 'node-bin-setup',
78 silly mapToRegistry   name: 'node-bin-setup',
78 silly mapToRegistry   rawSpec: '',
78 silly mapToRegistry   spec: 'latest',
78 silly mapToRegistry   type: 'tag' }
79 silly mapToRegistry uri https://registry.npmjs.org/node-bin-setup
80 verbose request uri https://registry.npmjs.org/node-bin-setup
81 verbose request no auth needed
82 info attempt registry request try #1 at 3:52:53 PM
83 verbose etag W/"696d6ec470fda56a33885508a280edab"
84 verbose lastModified Sun, 27 May 2018 09:55:03 GMT
85 http request GET https://registry.npmjs.org/node-bin-setup
86 http 304 https://registry.npmjs.org/node-bin-setup
87 verbose headers { date: 'Tue, 22 Sep 2020 22:52:53 GMT',
87 verbose headers   connection: 'keep-alive',
87 verbose headers   'set-cookie':
87 verbose headers    [ '__cfduid=dbb3d2e07200fe938139ece3afe9d44261600815173; expires=Thu, 22-Oct-20 22:52:53 GMT; path=/; domain=.npmjs.org; HttpOnly; SameSite=Lax' ],
87 verbose headers   'cf-ray': '5d6f9954cf731b00-PHX',
87 verbose headers   'cache-control': 'public, max-age=300',
87 verbose headers   etag: '"696d6ec470fda56a33885508a280edab"',
87 verbose headers   'last-modified': 'Sun, 27 May 2018 09:55:03 GMT',
87 verbose headers   vary: 'Accept-Encoding',
87 verbose headers   'cf-cache-status': 'HIT',
87 verbose headers   'cf-request-id': '05599e28fe00001b002406a200000001',
87 verbose headers   'expect-ct':
87 verbose headers    'max-age=604800, report-uri="https://report-uri.cloudflare.com/cdn-cgi/beacon/expect-ct"',
87 verbose headers   server: 'cloudflare' }
88 silly get cb [ 304,
88 silly get   { date: 'Tue, 22 Sep 2020 22:52:53 GMT',
88 silly get     connection: 'keep-alive',
88 silly get     'set-cookie':
88 silly get      [ '__cfduid=dbb3d2e07200fe938139ece3afe9d44261600815173; expires=Thu, 22-Oct-20 22:52:53 GMT; path=/; domain=.npmjs.org; HttpOnly; SameSite=Lax' ],
88 silly get     'cf-ray': '5d6f9954cf731b00-PHX',
88 silly get     'cache-control': 'public, max-age=300',
88 silly get     etag: '"696d6ec470fda56a33885508a280edab"',
88 silly get     'last-modified': 'Sun, 27 May 2018 09:55:03 GMT',
88 silly get     vary: 'Accept-Encoding',
88 silly get     'cf-cache-status': 'HIT',
88 silly get     'cf-request-id': '05599e28fe00001b002406a200000001',
88 silly get     'expect-ct':
88 silly get      'max-age=604800, report-uri="https://report-uri.cloudflare.com/cdn-cgi/beacon/expect-ct"',
88 silly get     server: 'cloudflare' } ]
89 verbose etag https://registry.npmjs.org/node-bin-setup from cache
90 verbose get saving node-bin-setup to C:\Users\Mary\AppData\Roaming\npm-cache\registry.npmjs.org\node-bin-setup\.cache.json
91 verbose correctMkdir C:\Users\Mary\AppData\Roaming\npm-cache correctMkdir not in flight; initializing
92 silly resolveWithNewModule node-bin-setup@1.0.6 checking installable status
93 silly cache add args [ 'node-bin-setup@^1.0.0', null ]
94 verbose cache add spec node-bin-setup@^1.0.0
95 silly cache add parsed spec Result {
95 silly cache add   raw: 'node-bin-setup@^1.0.0',
95 silly cache add   scope: null,
95 silly cache add   escapedName: 'node-bin-setup',
95 silly cache add   name: 'node-bin-setup',
95 silly cache add   rawSpec: '^1.0.0',
95 silly cache add   spec: '>=1.0.0 <2.0.0',
95 silly cache add   type: 'range' }
96 silly addNamed node-bin-setup@>=1.0.0 <2.0.0
97 verbose addNamed ">=1.0.0 <2.0.0" is a valid semver range for node-bin-setup
98 silly addNameRange { name: 'node-bin-setup',
98 silly addNameRange   range: '>=1.0.0 <2.0.0',
98 silly addNameRange   hasData: false }
99 silly mapToRegistry name node-bin-setup
100 silly mapToRegistry using default registry
101 silly mapToRegistry registry https://registry.npmjs.org/
102 silly mapToRegistry data Result {
102 silly mapToRegistry   raw: 'node-bin-setup',
102 silly mapToRegistry   scope: null,
102 silly mapToRegistry   escapedName: 'node-bin-setup',
102 silly mapToRegistry   name: 'node-bin-setup',
102 silly mapToRegistry   rawSpec: '',
102 silly mapToRegistry   spec: 'latest',
102 silly mapToRegistry   type: 'tag' }
103 silly mapToRegistry uri https://registry.npmjs.org/node-bin-setup
104 verbose addNameRange registry:https://registry.npmjs.org/node-bin-setup not in flight; fetching
105 verbose get https://registry.npmjs.org/node-bin-setup not expired, no request
106 silly addNameRange number 2 { name: 'node-bin-setup',
106 silly addNameRange   range: '>=1.0.0 <2.0.0',
106 silly addNameRange   hasData: true }
107 silly addNameRange versions [ 'node-bin-setup',
107 silly addNameRange   [ '1.0.0', '1.0.1', '1.0.2', '1.0.3', '1.0.4', '1.0.6' ] ]
108 silly addNamed node-bin-setup@1.0.6
109 verbose addNamed "1.0.6" is a plain semver version for node-bin-setup
110 silly cache afterAdd node-bin-setup@1.0.6
111 verbose afterAdd C:\Users\Mary\AppData\Roaming\npm-cache\node-bin-setup\1.0.6\package\package.json not in flight; writing
112 verbose correctMkdir C:\Users\Mary\AppData\Roaming\npm-cache correctMkdir not in flight; initializing
113 verbose afterAdd C:\Users\Mary\AppData\Roaming\npm-cache\node-bin-setup\1.0.6\package\package.json written
114 silly fetchNamedPackageData fsevents
115 silly mapToRegistry name fsevents
116 silly mapToRegistry using default registry
117 silly mapToRegistry registry https://registry.npmjs.org/
118 silly mapToRegistry data Result {
118 silly mapToRegistry   raw: 'fsevents',
118 silly mapToRegistry   scope: null,
118 silly mapToRegistry   escapedName: 'fsevents',
118 silly mapToRegistry   name: 'fsevents',
118 silly mapToRegistry   rawSpec: '',
118 silly mapToRegistry   spec: 'latest',
118 silly mapToRegistry   type: 'tag' }
119 silly mapToRegistry uri https://registry.npmjs.org/fsevents
120 verbose request uri https://registry.npmjs.org/fsevents
121 verbose request no auth needed
122 info attempt registry request try #1 at 3:52:54 PM
123 verbose etag W/"9ff14987b4ec19e977697a4c1d741a18"
124 verbose lastModified Wed, 06 May 2020 17:49:14 GMT
125 http request GET https://registry.npmjs.org/fsevents
126 http 304 https://registry.npmjs.org/fsevents
127 verbose headers { date: 'Tue, 22 Sep 2020 22:52:54 GMT',
127 verbose headers   connection: 'keep-alive',
127 verbose headers   'set-cookie':
127 verbose headers    [ '__cfduid=d02101b8f48e1fd2be21f7303f25fcb501600815174; expires=Thu, 22-Oct-20 22:52:54 GMT; path=/; domain=.npmjs.org; HttpOnly; SameSite=Lax' ],
127 verbose headers   'cf-ray': '5d6f9955b8ae1b00-PHX',
127 verbose headers   age: '4925',
127 verbose headers   'cache-control': 'public, max-age=300',
127 verbose headers   etag: '"9ff14987b4ec19e977697a4c1d741a18"',
127 verbose headers   'last-modified': 'Wed, 06 May 2020 17:49:14 GMT',
127 verbose headers   vary: 'Accept-Encoding',
127 verbose headers   'cf-cache-status': 'HIT',
127 verbose headers   'cf-request-id': '05599e299200001b0024071200000001',
127 verbose headers   'expect-ct':
127 verbose headers    'max-age=604800, report-uri="https://report-uri.cloudflare.com/cdn-cgi/beacon/expect-ct"',
127 verbose headers   server: 'cloudflare' }
128 silly get cb [ 304,
128 silly get   { date: 'Tue, 22 Sep 2020 22:52:54 GMT',
128 silly get     connection: 'keep-alive',
128 silly get     'set-cookie':
128 silly get      [ '__cfduid=d02101b8f48e1fd2be21f7303f25fcb501600815174; expires=Thu, 22-Oct-20 22:52:54 GMT; path=/; domain=.npmjs.org; HttpOnly; SameSite=Lax' ],
128 silly get     'cf-ray': '5d6f9955b8ae1b00-PHX',
128 silly get     age: '4925',
128 silly get     'cache-control': 'public, max-age=300',
128 silly get     etag: '"9ff14987b4ec19e977697a4c1d741a18"',
128 silly get     'last-modified': 'Wed, 06 May 2020 17:49:14 GMT',
128 silly get     vary: 'Accept-Encoding',
128 silly get     'cf-cache-status': 'HIT',
128 silly get     'cf-request-id': '05599e299200001b0024071200000001',
128 silly get     'expect-ct':
128 silly get      'max-age=604800, report-uri="https://report-uri.cloudflare.com/cdn-cgi/beacon/expect-ct"',
128 silly get     server: 'cloudflare' } ]
129 verbose etag https://registry.npmjs.org/fsevents from cache
130 verbose get saving fsevents to C:\Users\Mary\AppData\Roaming\npm-cache\registry.npmjs.org\fsevents\.cache.json
131 verbose correctMkdir C:\Users\Mary\AppData\Roaming\npm-cache correctMkdir not in flight; initializing
132 silly resolveWithNewModule fsevents@2.1.3 checking installable status
133 silly loadAllDepsIntoIdealTree Finishing
134 silly loadIdealTree Finishing
135 silly currentTree workflow@1.0.0
135 silly currentTree +-- abbrev@1.1.1
135 silly currentTree +-- ajv@6.12.5
135 silly currentTree +-- amdefine@1.0.1
135 silly currentTree +-- ansi-regex@2.1.1
135 silly currentTree +-- ansi-styles@2.2.1
135 silly currentTree +-- anymatch@3.1.1
135 silly currentTree +-- aproba@1.2.0
135 silly currentTree +-- are-we-there-yet@1.1.5
135 silly currentTree +-- array-find-index@1.0.2
135 silly currentTree +-- asn1@0.2.4
135 silly currentTree +-- assert-plus@1.0.0
135 silly currentTree +-- async-foreach@0.1.3
135 silly currentTree +-- asynckit@0.4.0
135 silly currentTree +-- aws-sign2@0.7.0
135 silly currentTree +-- aws4@1.10.1
135 silly currentTree +-- balanced-match@1.0.0
135 silly currentTree +-- bcrypt-pbkdf@1.0.2
135 silly currentTree +-- binary-extensions@2.1.0
135 silly currentTree +-- block-stream@0.0.9
135 silly currentTree +-- brace-expansion@1.1.11
135 silly currentTree +-- braces@3.0.2
135 silly currentTree +-- camelcase-keys@2.1.0
135 silly currentTree +-- camelcase@2.1.1
135 silly currentTree +-- caseless@0.12.0
135 silly currentTree +-- chalk@1.1.3
135 silly currentTree +-- chokidar@3.4.2
135 silly currentTree +-- cliui@5.0.0
135 silly currentTree | +-- ansi-regex@4.1.0
135 silly currentTree | +-- is-fullwidth-code-point@2.0.0
135 silly currentTree | +-- string-width@3.1.0
135 silly currentTree | `-- strip-ansi@5.2.0
135 silly currentTree +-- code-point-at@1.1.0
135 silly currentTree +-- color-convert@1.9.3
135 silly currentTree +-- color-name@1.1.3
135 silly currentTree +-- combined-stream@1.0.8
135 silly currentTree +-- concat-map@0.0.1
135 silly currentTree +-- console-control-strings@1.1.0
135 silly currentTree +-- core-util-is@1.0.2
135 silly currentTree +-- cross-spawn@3.0.1
135 silly currentTree +-- currently-unhandled@0.4.1
135 silly currentTree +-- dashdash@1.14.1
135 silly currentTree +-- decamelize@1.2.0
135 silly currentTree +-- delayed-stream@1.0.0
135 silly currentTree +-- delegates@1.0.0
135 silly currentTree +-- ecc-jsbn@0.1.2
135 silly currentTree +-- emoji-regex@7.0.3
135 silly currentTree +-- error-ex@1.3.2
135 silly currentTree +-- escape-string-regexp@1.0.5
135 silly currentTree +-- extend@3.0.2
135 silly currentTree +-- extsprintf@1.3.0
135 silly currentTree +-- fast-deep-equal@3.1.3
135 silly currentTree +-- fast-json-stable-stringify@2.1.0
135 silly currentTree +-- fill-range@7.0.1
135 silly currentTree +-- find-up@1.1.2
135 silly currentTree +-- forever-agent@0.6.1
135 silly currentTree +-- form-data@2.3.3
135 silly currentTree +-- fs.realpath@1.0.0
135 silly currentTree +-- fstream@1.0.12
135 silly currentTree +-- gauge@2.7.4
135 silly currentTree +-- gaze@1.1.3
135 silly currentTree +-- get-caller-file@2.0.5
135 silly currentTree +-- get-stdin@4.0.1
135 silly currentTree +-- getpass@0.1.7
135 silly currentTree +-- glob-parent@5.1.1
135 silly currentTree +-- glob@7.1.6
135 silly currentTree +-- globule@1.3.2
135 silly currentTree +-- graceful-fs@4.2.4
135 silly currentTree +-- har-schema@2.0.0
135 silly currentTree +-- har-validator@5.1.5
135 silly currentTree +-- has-ansi@2.0.0
135 silly currentTree +-- has-unicode@2.0.1
135 silly currentTree +-- hosted-git-info@2.8.8
135 silly currentTree +-- http-signature@1.2.0
135 silly currentTree +-- in-publish@2.0.1
135 silly currentTree +-- indent-string@2.1.0
135 silly currentTree +-- inflight@1.0.6
135 silly currentTree +-- inherits@2.0.4
135 silly currentTree +-- is-arrayish@0.2.1
135 silly currentTree +-- is-binary-path@2.1.0
135 silly currentTree +-- is-extglob@2.1.1
135 silly currentTree +-- is-finite@1.1.0
135 silly currentTree +-- is-fullwidth-code-point@1.0.0
135 silly currentTree +-- is-glob@4.0.1
135 silly currentTree +-- is-number@7.0.0
135 silly currentTree +-- is-typedarray@1.0.0
135 silly currentTree +-- is-utf8@0.2.1
135 silly currentTree +-- isarray@1.0.0
135 silly currentTree +-- isexe@2.0.0
135 silly currentTree +-- isstream@0.1.2
135 silly currentTree +-- jquery@3.5.1
135 silly currentTree +-- js-base64@2.6.4
135 silly currentTree +-- jsbn@0.1.1
135 silly currentTree +-- json-schema-traverse@0.4.1
135 silly currentTree +-- json-schema@0.2.3
135 silly currentTree +-- json-stringify-safe@5.0.1
135 silly currentTree +-- jsprim@1.4.1
135 silly currentTree +-- load-json-file@1.1.0
135 silly currentTree +-- locate-path@3.0.0
135 silly currentTree | `-- path-exists@3.0.0
135 silly currentTree +-- lodash@4.17.20
135 silly currentTree +-- loud-rejection@1.6.0
135 silly currentTree +-- lru-cache@4.1.5
135 silly currentTree +-- map-obj@1.0.1
135 silly currentTree +-- meow@3.7.0
135 silly currentTree +-- mime-db@1.44.0
135 silly currentTree +-- mime-types@2.1.27
135 silly currentTree +-- minimatch@3.0.4
135 silly currentTree +-- minimist@1.2.5
135 silly currentTree +-- mkdirp@0.5.5
135 silly currentTree +-- nan@2.14.1
135 silly currentTree +-- node-gyp@3.8.0
135 silly currentTree | `-- semver@5.3.0
135 silly currentTree +-- node-sass@4.14.1
135 silly currentTree +-- nopt@3.0.6
135 silly currentTree +-- normalize-package-data@2.5.0
135 silly currentTree +-- normalize-path@3.0.0
135 silly currentTree +-- npmlog@4.1.2
135 silly currentTree +-- number-is-nan@1.0.1
135 silly currentTree +-- oauth-sign@0.9.0
135 silly currentTree +-- object-assign@4.1.1
135 silly currentTree +-- ometa@0.2.2
135 silly currentTree +-- once@1.4.0
135 silly currentTree +-- os-homedir@1.0.2
135 silly currentTree +-- os-tmpdir@1.0.2
135 silly currentTree +-- osenv@0.1.5
135 silly currentTree +-- p-limit@2.3.0
135 silly currentTree +-- p-locate@3.0.0
135 silly currentTree +-- p-try@2.2.0
135 silly currentTree +-- parse-json@2.2.0
135 silly currentTree +-- path-exists@2.1.0
135 silly currentTree +-- path-is-absolute@1.0.1
135 silly currentTree +-- path-parse@1.0.6
135 silly currentTree +-- path-type@1.1.0
135 silly currentTree +-- performance-now@2.1.0
135 silly currentTree +-- picomatch@2.2.2
135 silly currentTree +-- pify@2.3.0
135 silly currentTree +-- pinkie-promise@2.0.1
135 silly currentTree +-- pinkie@2.0.4
135 silly currentTree +-- process-nextick-args@2.0.1
135 silly currentTree +-- pseudomap@1.0.2
135 silly currentTree +-- psl@1.8.0
135 silly currentTree +-- punycode@2.1.1
135 silly currentTree +-- qs@6.5.2
135 silly currentTree +-- read-pkg-up@1.0.1
135 silly currentTree +-- read-pkg@1.1.0
135 silly currentTree +-- readable-stream@2.3.7
135 silly currentTree +-- readdirp@3.4.0
135 silly currentTree +-- redent@1.0.0
135 silly currentTree +-- repeating@2.0.1
135 silly currentTree +-- request@2.88.2
135 silly currentTree +-- require-directory@2.1.1
135 silly currentTree +-- require-main-filename@2.0.0
135 silly currentTree +-- resolve@1.17.0
135 silly currentTree +-- rimraf@2.7.1
135 silly currentTree +-- safe-buffer@5.1.2
135 silly currentTree +-- safer-buffer@2.1.2
135 silly currentTree +-- sass-graph@2.2.5
135 silly currentTree +-- sass@1.26.11
135 silly currentTree +-- scss-tokenizer@0.2.3
135 silly currentTree +-- scss@0.2.4
135 silly currentTree +-- semver@5.7.1
135 silly currentTree +-- set-blocking@2.0.0
135 silly currentTree +-- signal-exit@3.0.3
135 silly currentTree +-- source-map@0.4.4
135 silly currentTree +-- spdx-correct@3.1.1
135 silly currentTree +-- spdx-exceptions@2.3.0
135 silly currentTree +-- spdx-expression-parse@3.0.1
135 silly currentTree +-- spdx-license-ids@3.0.6
135 silly currentTree +-- sshpk@1.16.1
135 silly currentTree +-- stdout-stream@1.4.1
135 silly currentTree +-- string_decoder@1.1.1
135 silly currentTree +-- string-width@1.0.2
135 silly currentTree +-- strip-ansi@3.0.1
135 silly currentTree +-- strip-bom@2.0.0
135 silly currentTree +-- strip-indent@1.0.1
135 silly currentTree +-- supports-color@2.0.0
135 silly currentTree +-- tar@2.2.2
135 silly currentTree +-- to-regex-range@5.0.1
135 silly currentTree +-- tough-cookie@2.5.0
135 silly currentTree +-- trim-newlines@1.0.0
135 silly currentTree +-- true-case-path@1.0.3
135 silly currentTree +-- tunnel-agent@0.6.0
135 silly currentTree +-- tweetnacl@0.14.5
135 silly currentTree +-- uri-js@4.4.0
135 silly currentTree +-- util-deprecate@1.0.2
135 silly currentTree +-- uuid@3.4.0
135 silly currentTree +-- validate-npm-package-license@3.0.4
135 silly currentTree +-- verror@1.10.0
135 silly currentTree +-- which-module@2.0.0
135 silly currentTree +-- which@1.3.1
135 silly currentTree +-- wide-align@1.1.3
135 silly currentTree +-- wrap-ansi@5.1.0
135 silly currentTree | +-- ansi-regex@4.1.0
135 silly currentTree | +-- ansi-styles@3.2.1
135 silly currentTree | +-- is-fullwidth-code-point@2.0.0
135 silly currentTree | +-- string-width@3.1.0
135 silly currentTree | `-- strip-ansi@5.2.0
135 silly currentTree +-- wrappy@1.0.2
135 silly currentTree +-- y18n@4.0.0
135 silly currentTree +-- yallist@2.1.2
135 silly currentTree +-- yargs-parser@13.1.2
135 silly currentTree | `-- camelcase@5.3.1
135 silly currentTree `-- yargs@13.3.2
135 silly currentTree   +-- ansi-regex@4.1.0
135 silly currentTree   +-- find-up@3.0.0
135 silly currentTree   +-- is-fullwidth-code-point@2.0.0
135 silly currentTree   +-- string-width@3.1.0
135 silly currentTree   `-- strip-ansi@5.2.0
136 silly idealTree workflow@1.0.0
136 silly idealTree +-- abbrev@1.1.1
136 silly idealTree +-- ajv@6.12.5
136 silly idealTree +-- amdefine@1.0.1
136 silly idealTree +-- ansi-regex@2.1.1
136 silly idealTree +-- ansi-styles@2.2.1
136 silly idealTree +-- anymatch@3.1.1
136 silly idealTree +-- aproba@1.2.0
136 silly idealTree +-- are-we-there-yet@1.1.5
136 silly idealTree +-- array-find-index@1.0.2
136 silly idealTree +-- asn1@0.2.4
136 silly idealTree +-- assert-plus@1.0.0
136 silly idealTree +-- async-foreach@0.1.3
136 silly idealTree +-- asynckit@0.4.0
136 silly idealTree +-- aws-sign2@0.7.0
136 silly idealTree +-- aws4@1.10.1
136 silly idealTree +-- balanced-match@1.0.0
136 silly idealTree +-- bcrypt-pbkdf@1.0.2
136 silly idealTree +-- binary-extensions@2.1.0
136 silly idealTree +-- block-stream@0.0.9
136 silly idealTree +-- brace-expansion@1.1.11
136 silly idealTree +-- braces@3.0.2
136 silly idealTree +-- camelcase-keys@2.1.0
136 silly idealTree +-- camelcase@2.1.1
136 silly idealTree +-- caseless@0.12.0
136 silly idealTree +-- chalk@1.1.3
136 silly idealTree +-- chokidar@3.4.2
136 silly idealTree +-- cliui@5.0.0
136 silly idealTree | +-- ansi-regex@4.1.0
136 silly idealTree | +-- is-fullwidth-code-point@2.0.0
136 silly idealTree | +-- string-width@3.1.0
136 silly idealTree | `-- strip-ansi@5.2.0
136 silly idealTree +-- code-point-at@1.1.0
136 silly idealTree +-- color-convert@1.9.3
136 silly idealTree +-- color-name@1.1.3
136 silly idealTree +-- combined-stream@1.0.8
136 silly idealTree +-- concat-map@0.0.1
136 silly idealTree +-- console-control-strings@1.1.0
136 silly idealTree +-- core-util-is@1.0.2
136 silly idealTree +-- cross-spawn@3.0.1
136 silly idealTree +-- currently-unhandled@0.4.1
136 silly idealTree +-- dashdash@1.14.1
136 silly idealTree +-- decamelize@1.2.0
136 silly idealTree +-- delayed-stream@1.0.0
136 silly idealTree +-- delegates@1.0.0
136 silly idealTree +-- ecc-jsbn@0.1.2
136 silly idealTree +-- emoji-regex@7.0.3
136 silly idealTree +-- error-ex@1.3.2
136 silly idealTree +-- escape-string-regexp@1.0.5
136 silly idealTree +-- extend@3.0.2
136 silly idealTree +-- extsprintf@1.3.0
136 silly idealTree +-- fast-deep-equal@3.1.3
136 silly idealTree +-- fast-json-stable-stringify@2.1.0
136 silly idealTree +-- fill-range@7.0.1
136 silly idealTree +-- find-up@1.1.2
136 silly idealTree +-- forever-agent@0.6.1
136 silly idealTree +-- form-data@2.3.3
136 silly idealTree +-- fs.realpath@1.0.0
136 silly idealTree +-- fstream@1.0.12
136 silly idealTree +-- gauge@2.7.4
136 silly idealTree +-- gaze@1.1.3
136 silly idealTree +-- get-caller-file@2.0.5
136 silly idealTree +-- get-stdin@4.0.1
136 silly idealTree +-- getpass@0.1.7
136 silly idealTree +-- glob-parent@5.1.1
136 silly idealTree +-- glob@7.1.6
136 silly idealTree +-- globule@1.3.2
136 silly idealTree +-- graceful-fs@4.2.4
136 silly idealTree +-- har-schema@2.0.0
136 silly idealTree +-- har-validator@5.1.5
136 silly idealTree +-- has-ansi@2.0.0
136 silly idealTree +-- has-unicode@2.0.1
136 silly idealTree +-- hosted-git-info@2.8.8
136 silly idealTree +-- http-signature@1.2.0
136 silly idealTree +-- in-publish@2.0.1
136 silly idealTree +-- indent-string@2.1.0
136 silly idealTree +-- inflight@1.0.6
136 silly idealTree +-- inherits@2.0.4
136 silly idealTree +-- is-arrayish@0.2.1
136 silly idealTree +-- is-binary-path@2.1.0
136 silly idealTree +-- is-extglob@2.1.1
136 silly idealTree +-- is-finite@1.1.0
136 silly idealTree +-- is-fullwidth-code-point@1.0.0
136 silly idealTree +-- is-glob@4.0.1
136 silly idealTree +-- is-number@7.0.0
136 silly idealTree +-- is-typedarray@1.0.0
136 silly idealTree +-- is-utf8@0.2.1
136 silly idealTree +-- isarray@1.0.0
136 silly idealTree +-- isexe@2.0.0
136 silly idealTree +-- isstream@0.1.2
136 silly idealTree +-- jquery@3.5.1
136 silly idealTree +-- js-base64@2.6.4
136 silly idealTree +-- jsbn@0.1.1
136 silly idealTree +-- json-schema-traverse@0.4.1
136 silly idealTree +-- json-schema@0.2.3
136 silly idealTree +-- json-stringify-safe@5.0.1
136 silly idealTree +-- jsprim@1.4.1
136 silly idealTree +-- load-json-file@1.1.0
136 silly idealTree +-- locate-path@3.0.0
136 silly idealTree | `-- path-exists@3.0.0
136 silly idealTree +-- lodash@4.17.20
136 silly idealTree +-- loud-rejection@1.6.0
136 silly idealTree +-- lru-cache@4.1.5
136 silly idealTree +-- map-obj@1.0.1
136 silly idealTree +-- meow@3.7.0
136 silly idealTree +-- mime-db@1.44.0
136 silly idealTree +-- mime-types@2.1.27
136 silly idealTree +-- minimatch@3.0.4
136 silly idealTree +-- minimist@1.2.5
136 silly idealTree +-- mkdirp@0.5.5
136 silly idealTree +-- nan@2.14.1
136 silly idealTree +-- node-bin-setup@1.0.6
136 silly idealTree +-- node-gyp@3.8.0
136 silly idealTree | `-- semver@5.3.0
136 silly idealTree +-- node-sass@4.14.1
136 silly idealTree +-- node@14.11.0
136 silly idealTree +-- nopt@3.0.6
136 silly idealTree +-- normalize-package-data@2.5.0
136 silly idealTree +-- normalize-path@3.0.0
136 silly idealTree +-- npmlog@4.1.2
136 silly idealTree +-- number-is-nan@1.0.1
136 silly idealTree +-- oauth-sign@0.9.0
136 silly idealTree +-- object-assign@4.1.1
136 silly idealTree +-- ometa@0.2.2
136 silly idealTree +-- once@1.4.0
136 silly idealTree +-- os-homedir@1.0.2
136 silly idealTree +-- os-tmpdir@1.0.2
136 silly idealTree +-- osenv@0.1.5
136 silly idealTree +-- p-limit@2.3.0
136 silly idealTree +-- p-locate@3.0.0
136 silly idealTree +-- p-try@2.2.0
136 silly idealTree +-- parse-json@2.2.0
136 silly idealTree +-- path-exists@2.1.0
136 silly idealTree +-- path-is-absolute@1.0.1
136 silly idealTree +-- path-parse@1.0.6
136 silly idealTree +-- path-type@1.1.0
136 silly idealTree +-- performance-now@2.1.0
136 silly idealTree +-- picomatch@2.2.2
136 silly idealTree +-- pify@2.3.0
136 silly idealTree +-- pinkie-promise@2.0.1
136 silly idealTree +-- pinkie@2.0.4
136 silly idealTree +-- process-nextick-args@2.0.1
136 silly idealTree +-- pseudomap@1.0.2
136 silly idealTree +-- psl@1.8.0
136 silly idealTree +-- punycode@2.1.1
136 silly idealTree +-- qs@6.5.2
136 silly idealTree +-- read-pkg-up@1.0.1
136 silly idealTree +-- read-pkg@1.1.0
136 silly idealTree +-- readable-stream@2.3.7
136 silly idealTree +-- readdirp@3.4.0
136 silly idealTree +-- redent@1.0.0
136 silly idealTree +-- repeating@2.0.1
136 silly idealTree +-- request@2.88.2
136 silly idealTree +-- require-directory@2.1.1
136 silly idealTree +-- require-main-filename@2.0.0
136 silly idealTree +-- resolve@1.17.0
136 silly idealTree +-- rimraf@2.7.1
136 silly idealTree +-- safe-buffer@5.1.2
136 silly idealTree +-- safer-buffer@2.1.2
136 silly idealTree +-- sass-graph@2.2.5
136 silly idealTree +-- sass@1.26.11
136 silly idealTree +-- scss-tokenizer@0.2.3
136 silly idealTree +-- scss@0.2.4
136 silly idealTree +-- semver@5.7.1
136 silly idealTree +-- set-blocking@2.0.0
136 silly idealTree +-- signal-exit@3.0.3
136 silly idealTree +-- source-map@0.4.4
136 silly idealTree +-- spdx-correct@3.1.1
136 silly idealTree +-- spdx-exceptions@2.3.0
136 silly idealTree +-- spdx-expression-parse@3.0.1
136 silly idealTree +-- spdx-license-ids@3.0.6
136 silly idealTree +-- sshpk@1.16.1
136 silly idealTree +-- stdout-stream@1.4.1
136 silly idealTree +-- string_decoder@1.1.1
136 silly idealTree +-- string-width@1.0.2
136 silly idealTree +-- strip-ansi@3.0.1
136 silly idealTree +-- strip-bom@2.0.0
136 silly idealTree +-- strip-indent@1.0.1
136 silly idealTree +-- supports-color@2.0.0
136 silly idealTree +-- tar@2.2.2
136 silly idealTree +-- to-regex-range@5.0.1
136 silly idealTree +-- tough-cookie@2.5.0
136 silly idealTree +-- trim-newlines@1.0.0
136 silly idealTree +-- true-case-path@1.0.3
136 silly idealTree +-- tunnel-agent@0.6.0
136 silly idealTree +-- tweetnacl@0.14.5
136 silly idealTree +-- uri-js@4.4.0
136 silly idealTree +-- util-deprecate@1.0.2
136 silly idealTree +-- uuid@3.4.0
136 silly idealTree +-- validate-npm-package-license@3.0.4
136 silly idealTree +-- verror@1.10.0
136 silly idealTree +-- which-module@2.0.0
136 silly idealTree +-- which@1.3.1
136 silly idealTree +-- wide-align@1.1.3
136 silly idealTree +-- wrap-ansi@5.1.0
136 silly idealTree | +-- ansi-regex@4.1.0
136 silly idealTree | +-- ansi-styles@3.2.1
136 silly idealTree | +-- is-fullwidth-code-point@2.0.0
136 silly idealTree | +-- string-width@3.1.0
136 silly idealTree | `-- strip-ansi@5.2.0
136 silly idealTree +-- wrappy@1.0.2
136 silly idealTree +-- y18n@4.0.0
136 silly idealTree +-- yallist@2.1.2
136 silly idealTree +-- yargs-parser@13.1.2
136 silly idealTree | `-- camelcase@5.3.1
136 silly idealTree `-- yargs@13.3.2
136 silly idealTree   +-- ansi-regex@4.1.0
136 silly idealTree   +-- find-up@3.0.0
136 silly idealTree   +-- is-fullwidth-code-point@2.0.0
136 silly idealTree   +-- string-width@3.1.0
136 silly idealTree   `-- strip-ansi@5.2.0
137 silly generateActionsToTake Starting
138 silly install generateActionsToTake
139 silly generateActionsToTake Finishing
140 silly diffTrees action count 2
141 silly diffTrees add node-bin-setup@1.0.6
142 silly diffTrees add node@14.11.0
143 silly decomposeActions action count 16
144 silly decomposeActions fetch node-bin-setup@1.0.6
145 silly decomposeActions extract node-bin-setup@1.0.6
146 silly decomposeActions test node-bin-setup@1.0.6
147 silly decomposeActions preinstall node-bin-setup@1.0.6
148 silly decomposeActions build node-bin-setup@1.0.6
149 silly decomposeActions install node-bin-setup@1.0.6
150 silly decomposeActions postinstall node-bin-setup@1.0.6
151 silly decomposeActions finalize node-bin-setup@1.0.6
152 silly decomposeActions fetch node@14.11.0
153 silly decomposeActions extract node@14.11.0
154 silly decomposeActions test node@14.11.0
155 silly decomposeActions preinstall node@14.11.0
156 silly decomposeActions build node@14.11.0
157 silly decomposeActions install node@14.11.0
158 silly decomposeActions postinstall node@14.11.0
159 silly decomposeActions finalize node@14.11.0
160 silly runTopLevelLifecycles Starting
161 silly executeActions Starting
162 silly install executeActions
163 silly doSerial global-install 0
164 silly doParallel fetch 2
165 verbose correctMkdir C:\Users\Mary\AppData\Roaming\npm-cache\_locks correctMkdir not in flight; initializing
166 verbose lock using C:\Users\Mary\AppData\Roaming\npm-cache\_locks\staging-c02d95ac157fc8f2.lock for C:\Users\Mary\Desktop\workflow menu\workflow\node_modules\.staging
167 silly doParallel extract 2
168 silly extract node-bin-setup@1.0.6
169 silly extract node@14.11.0
170 verbose unbuild node_modules\.staging\node-bin-setup-a01eb033
171 verbose unbuild node_modules\.staging\node-6e9ec135
172 silly gentlyRm C:\Users\Mary\Desktop\workflow menu\workflow\node_modules\.staging\node-bin-setup-a01eb033 is being purged from base C:\Users\Mary\Desktop\workflow menu\workflow
173 verbose gentlyRm don't care about contents; nuking C:\Users\Mary\Desktop\workflow menu\workflow\node_modules\.staging\node-bin-setup-a01eb033
174 verbose tar unpack C:\Users\Mary\AppData\Roaming\npm-cache\node-bin-setup\1.0.6\package.tgz
175 verbose tar unpacking to C:\Users\Mary\Desktop\workflow menu\workflow\node_modules\.staging\node-bin-setup-a01eb033
176 silly gentlyRm C:\Users\Mary\Desktop\workflow menu\workflow\node_modules\.staging\node-bin-setup-a01eb033 is being purged
177 verbose gentlyRm don't care about contents; nuking C:\Users\Mary\Desktop\workflow menu\workflow\node_modules\.staging\node-bin-setup-a01eb033
178 silly gentlyRm C:\Users\Mary\Desktop\workflow menu\workflow\node_modules\.staging\node-6e9ec135 is being purged from base C:\Users\Mary\Desktop\workflow menu\workflow
179 verbose gentlyRm don't care about contents; nuking C:\Users\Mary\Desktop\workflow menu\workflow\node_modules\.staging\node-6e9ec135
180 silly gunzTarPerm modes [ '777', '666' ]
181 verbose tar unpack C:\Users\Mary\AppData\Roaming\npm-cache\node\14.11.0\package.tgz
182 verbose tar unpacking to C:\Users\Mary\Desktop\workflow menu\workflow\node_modules\.staging\node-6e9ec135
183 silly gentlyRm C:\Users\Mary\Desktop\workflow menu\workflow\node_modules\.staging\node-6e9ec135 is being purged
184 verbose gentlyRm don't care about contents; nuking C:\Users\Mary\Desktop\workflow menu\workflow\node_modules\.staging\node-6e9ec135
185 silly gunzTarPerm modes [ '777', '666' ]
186 silly gunzTarPerm extractEntry installArchSpecificPackage.js
187 silly gunzTarPerm modified mode [ 'installArchSpecificPackage.js', 420, 438 ]
188 silly gunzTarPerm extractEntry package.json
189 silly gunzTarPerm modified mode [ 'package.json', 420, 438 ]
190 silly gunzTarPerm extractEntry package.json
191 silly gunzTarPerm modified mode [ 'package.json', 420, 438 ]
192 silly gunzTarPerm extractEntry README.md
193 silly gunzTarPerm modified mode [ 'README.md', 420, 438 ]
194 silly gunzTarPerm extractEntry index.js
195 silly gunzTarPerm modified mode [ 'index.js', 420, 438 ]
196 silly gentlyRm C:\Users\Mary\Desktop\workflow menu\workflow\node_modules\.staging\node-bin-setup-a01eb033\node_modules is being purged
197 verbose gentlyRm don't care about contents; nuking C:\Users\Mary\Desktop\workflow menu\workflow\node_modules\.staging\node-bin-setup-a01eb033\node_modules
198 silly gentlyRm C:\Users\Mary\Desktop\workflow menu\workflow\node_modules\.staging\node-6e9ec135\node_modules is being purged
199 verbose gentlyRm don't care about contents; nuking C:\Users\Mary\Desktop\workflow menu\workflow\node_modules\.staging\node-6e9ec135\node_modules
200 silly doParallel preinstall 2
201 silly preinstall node-bin-setup@1.0.6 C:\Users\Mary\Desktop\workflow menu\workflow\node_modules\.staging\node-bin-setup-a01eb033
202 info lifecycle node-bin-setup@1.0.6~preinstall: node-bin-setup@1.0.6
203 silly preinstall node@14.11.0 C:\Users\Mary\Desktop\workflow menu\workflow\node_modules\.staging\node-6e9ec135
204 info lifecycle node@14.11.0~preinstall: node@14.11.0
205 silly lifecycle node-bin-setup@1.0.6~preinstall: no script for preinstall, continuing
206 verbose lifecycle node@14.11.0~preinstall: unsafe-perm in lifecycle true
207 verbose lifecycle node@14.11.0~preinstall: PATH: C:\Users\Mary\AppData\Roaming\npm\node_modules\npm\bin\node-gyp-bin;C:\Users\Mary\Desktop\workflow menu\workflow\node_modules\.staging\node-6e9ec135\node_modules\.bin;C:\Users\Mary\Desktop\workflow menu\workflow\node_modules\.bin;C:\WINDOWS\system32;C:\WINDOWS;C:\WINDOWS\System32\Wbem;C:\WINDOWS\System32\WindowsPowerShell\v1.0\;C:\WINDOWS\System32\OpenSSH\;C:\Program Files\nodejs\;C:\Program Files\MySQL\MySQL Server 8.0\bin;C:\Program Files\MongoDB\Server\4.2\bin;C:\Users\Mary\AppData\Roaming\npm;C:\Users\Mary\AppData\Roaming\npm\node_modules;C:\Program Files\Git\cmd;C:\Users\Mary\AppData\Local\Programs\Python\Python38-32\Scripts\;C:\Users\Mary\AppData\Local\Programs\Python\Python38-32\;C:\Users\Mary\AppData\Local\Microsoft\WindowsApps;C:\Users\Mary\AppData\Local\Programs\Microsoft VS Code\bin;C:\Users\Mary\AppData\Local\GitHubDesktop\bin;C:\Program Files\heroku\bin;C:\Users\Mary\AppData\Roaming\npm;C:\Users\Mary\AppData\Local\Microsoft\WindowsApps;C:\Users\Mary\AppData\Local\atom\bin
208 verbose lifecycle node@14.11.0~preinstall: CWD: C:\Users\Mary\Desktop\workflow menu\workflow\node_modules\.staging\node-6e9ec135
209 silly lifecycle node@14.11.0~preinstall: Args: [ '/d /s /c', 'node installArchSpecificPackage' ]
210 silly lifecycle node@14.11.0~preinstall: Returned: code: 1  signal: null
211 info lifecycle node@14.11.0~preinstall: Failed to exec preinstall script
212 verbose unlock done using C:\Users\Mary\AppData\Roaming\npm-cache\_locks\staging-c02d95ac157fc8f2.lock for C:\Users\Mary\Desktop\workflow menu\workflow\node_modules\.staging
213 silly rollbackFailedOptional Starting
214 silly rollbackFailedOptional Finishing
215 silly runTopLevelLifecycles Finishing
216 silly install printInstalled
217 warn optional SKIPPING OPTIONAL DEPENDENCY: fsevents@~2.1.2 (node_modules\chokidar\node_modules\fsevents):
218 warn notsup SKIPPING OPTIONAL DEPENDENCY: Unsupported platform for fsevents@2.1.3: wanted {"os":"darwin","arch":"any"} (current: {"os":"win32","arch":"x64"})
219 verbose notsup SKIPPING OPTIONAL DEPENDENCY: Valid OS:    darwin
219 verbose notsup SKIPPING OPTIONAL DEPENDENCY: Valid Arch:  any
219 verbose notsup SKIPPING OPTIONAL DEPENDENCY: Actual OS:   win32
219 verbose notsup SKIPPING OPTIONAL DEPENDENCY: Actual Arch: x64
220 warn workflow@1.0.0 No description
221 verbose If you need help, you may report this error at:
221 verbose     <https://github.com/npm/npm/issues>
222 verbose stack Error: node@14.11.0 preinstall: `node installArchSpecificPackage`
222 verbose stack Exit status 1
222 verbose stack     at EventEmitter.<anonymous> (C:\Users\Mary\AppData\Roaming\npm\node_modules\npm\lib\utils\lifecycle.js:255:16)
222 verbose stack     at EventEmitter.emit (events.js:198:13)
222 verbose stack     at ChildProcess.<anonymous> (C:\Users\Mary\AppData\Roaming\npm\node_modules\npm\lib\utils\spawn.js:40:14)
222 verbose stack     at ChildProcess.emit (events.js:198:13)
222 verbose stack     at maybeClose (internal/child_process.js:982:16)
222 verbose stack     at Process.ChildProcess._handle.onexit (internal/child_process.js:259:5)
223 verbose pkgid node@14.11.0
224 verbose cwd C:\Users\Mary\Desktop\workflow menu\workflow
225 error Windows_NT 10.0.18363
226 error argv "C:\\Program Files\\nodejs\\node.exe" "C:\\Users\\Mary\\AppData\\Roaming\\npm\\node_modules\\npm\\bin\\npm-cli.js" "i" "node"
227 error node v10.16.0
228 error npm  v3.10.10
229 error code ELIFECYCLE
230 error node@14.11.0 preinstall: `node installArchSpecificPackage`
230 error Exit status 1
231 error Failed at the node@14.11.0 preinstall script 'node installArchSpecificPackage'.
231 error Make sure you have the latest version of node.js and npm installed.
231 error If you do, this is most likely a problem with the node package,
231 error not with npm itself.
231 error Tell the author that this fails on your system:
231 error     node installArchSpecificPackage
231 error You can get information on how to open an issue for this project with:
231 error     npm bugs node
231 error Or if that isn't available, you can get their info via:
231 error     npm owner ls node
231 error There is likely additional logging output above.
232 verbose exit [ 1, true ]
